<?xml version="1.0" encoding="UTF-8"?>
<testng-results skipped="0" failed="0" total="1" passed="1">
  <reporter-output>
  </reporter-output>
  <suite name="Default suite" duration-ms="38636" started-at="2017-11-28T09:33:32Z" finished-at="2017-11-28T09:34:11Z">
    <groups>
    </groups>
    <test name="Default test" duration-ms="38636" started-at="2017-11-28T09:33:32Z" finished-at="2017-11-28T09:34:11Z">
      <class name="GitProject.gittest.TestNewsfeed">
        <test-method status="PASS" signature="testApp()[pri:0, instance:GitProject.gittest.TestNewsfeed@55d56113]" name="testApp" duration-ms="38618" started-at="2017-11-28T11:33:32Z" finished-at="2017-11-28T11:34:11Z">
          <reporter-output>
          </reporter-output>
        </test-method> <!-- testApp -->
      </class> <!-- GitProject.gittest.TestNewsfeed -->
    </test> <!-- Default test -->
  </suite> <!-- Default suite -->
</testng-results>
